06/20/2024 18:16:51 - WARNING - __main__ - Process rank: 1, device: cuda:1, n_gpu: 1, distributed training: True, 16-bits training: True
06/20/2024 18:16:51 - WARNING - __main__ - Process rank: 0, device: cuda:0, n_gpu: 1, distributed training: True, 16-bits training: True
06/20/2024 18:16:51 - INFO - __main__ - Training/evaluation parameters TrainingArguments(
_n_gpu=1,
accelerator_config={'split_batches': False, 'dispatch_batches': None, 'even_batches': True, 'use_seedable_sampler': True, 'non_blocking': False, 'gradient_accumulation_kwargs': None, 'use_configured_state': False},
adafactor=False,
adam_beta1=0.9,
adam_beta2=0.999,
adam_epsilon=1e-08,
auto_find_batch_size=False,
batch_eval_metrics=False,
bf16=False,
bf16_full_eval=False,
data_seed=None,
dataloader_drop_last=False,
dataloader_num_workers=0,
dataloader_persistent_workers=False,
dataloader_pin_memory=True,
dataloader_prefetch_factor=None,
ddp_backend=None,
ddp_broadcast_buffers=None,
ddp_bucket_cap_mb=None,
ddp_find_unused_parameters=None,
ddp_timeout=1800,
debug=[],
deepspeed=None,
disable_tqdm=False,
dispatch_batches=None,
do_eval=True,
do_predict=False,
do_train=True,
eval_accumulation_steps=None,
eval_delay=0,
eval_do_concat_batches=True,
eval_on_start=False,
eval_steps=5000.0,
eval_strategy=no,
evaluation_strategy=None,
fp16=True,
fp16_backend=auto,
fp16_full_eval=False,
fp16_opt_level=O1,
fsdp=[],
fsdp_config={'min_num_params': 0, 'xla': False, 'xla_fsdp_v2': False, 'xla_fsdp_grad_ckpt': False},
fsdp_min_num_params=0,
fsdp_transformer_layer_cls_to_wrap=None,
full_determinism=False,
gradient_accumulation_steps=1,
gradient_checkpointing=False,
gradient_checkpointing_kwargs=None,
greater_is_better=None,
group_by_length=False,
half_precision_backend=auto,
hub_always_push=False,
hub_model_id=None,
hub_private_repo=False,
hub_strategy=every_save,
hub_token=<HUB_TOKEN>,
ignore_data_skip=False,
include_inputs_for_metrics=False,
include_num_input_tokens_seen=False,
include_tokens_per_second=False,
jit_mode_eval=False,
label_names=None,
label_smoothing_factor=0.0,
learning_rate=0.0006,
length_column_name=length,
load_best_model_at_end=False,
local_rank=0,
log_level=passive,
log_level_replica=warning,
log_on_each_node=True,
logging_dir=/network/scratch/z/zixuan.li/gpt2_ckpts_20000/runs/Jun20_18-16-51_cn-i001.server.mila.quebec,
logging_first_step=False,
logging_nan_inf_filter=True,
logging_steps=500,
logging_strategy=steps,
lr_scheduler_kwargs={},
lr_scheduler_type=cosine,
max_grad_norm=1.0,
max_steps=-1,
metric_for_best_model=None,
mp_parameters=,
neftune_noise_alpha=None,
no_cuda=False,
num_train_epochs=20000.0,
optim=adamw_torch,
optim_args=None,
optim_target_modules=None,
output_dir=/network/scratch/z/zixuan.li/gpt2_ckpts_20000,
overwrite_output_dir=False,
past_index=-1,
per_device_eval_batch_size=24,
per_device_train_batch_size=24,
prediction_loss_only=False,
push_to_hub=False,
push_to_hub_model_id=None,
push_to_hub_organization=None,
push_to_hub_token=<PUSH_TO_HUB_TOKEN>,
ray_scope=last,
remove_unused_columns=True,
report_to=[],
restore_callback_states_from_checkpoint=False,
resume_from_checkpoint=None,
run_name=/network/scratch/z/zixuan.li/gpt2_ckpts_20000,
save_on_each_node=False,
save_only_model=False,
save_safetensors=True,
save_steps=5000,
save_strategy=steps,
save_total_limit=None,
seed=42,
skip_memory_metrics=True,
split_batches=None,
tf32=None,
torch_compile=False,
torch_compile_backend=None,
torch_compile_mode=None,
torchdynamo=None,
tpu_metrics_debug=False,
tpu_num_cores=None,
use_cpu=False,
use_ipex=False,
use_legacy_prediction_loop=False,
use_mps_device=False,
warmup_ratio=0.0,
warmup_steps=715,
weight_decay=0.0,
)
06/20/2024 18:16:52 - WARNING - __main__ - You are instantiating a new config instance from scratch.
06/20/2024 18:16:53 - INFO - datasets.builder - Overwrite dataset info from restored data version if exists.
06/20/2024 18:16:53 - INFO - datasets.info - Loading Dataset info from /home/mila/z/zixuan.li/.cache/huggingface/datasets/wikitext/wikitext-2-raw-v1/0.0.0/b08601e04326c79dfdd32d625aee71d232d685c3
06/20/2024 18:16:53 - INFO - datasets.builder - Found cached dataset wikitext (/home/mila/z/zixuan.li/.cache/huggingface/datasets/wikitext/wikitext-2-raw-v1/0.0.0/b08601e04326c79dfdd32d625aee71d232d685c3)
06/20/2024 18:16:53 - INFO - datasets.info - Loading Dataset info from /home/mila/z/zixuan.li/.cache/huggingface/datasets/wikitext/wikitext-2-raw-v1/0.0.0/b08601e04326c79dfdd32d625aee71d232d685c3
06/20/2024 18:16:53 - WARNING - __main__ - You are instantiating a new config instance from scratch.
06/20/2024 18:16:54 - INFO - __main__ - Training new model from scratch - Total size=118.68M params
06/20/2024 18:16:54 - INFO - datasets.arrow_dataset - Loading cached processed dataset at /home/mila/z/zixuan.li/.cache/huggingface/datasets/wikitext/wikitext-2-raw-v1/0.0.0/b08601e04326c79dfdd32d625aee71d232d685c3/cache-24f5302b824080b8.arrow
06/20/2024 18:16:54 - INFO - datasets.arrow_dataset - Loading cached processed dataset at /home/mila/z/zixuan.li/.cache/huggingface/datasets/wikitext/wikitext-2-raw-v1/0.0.0/b08601e04326c79dfdd32d625aee71d232d685c3/cache-38a62f26547cea30.arrow
06/20/2024 18:16:54 - INFO - datasets.arrow_dataset - Loading cached processed dataset at /home/mila/z/zixuan.li/.cache/huggingface/datasets/wikitext/wikitext-2-raw-v1/0.0.0/b08601e04326c79dfdd32d625aee71d232d685c3/cache-c75285d115ff6176.arrow
06/20/2024 18:16:55 - INFO - datasets.arrow_dataset - Loading cached processed dataset at /home/mila/z/zixuan.li/.cache/huggingface/datasets/wikitext/wikitext-2-raw-v1/0.0.0/b08601e04326c79dfdd32d625aee71d232d685c3/cache-11021e805cc2f0aa.arrow
06/20/2024 18:16:55 - INFO - datasets.arrow_dataset - Loading cached processed dataset at /home/mila/z/zixuan.li/.cache/huggingface/datasets/wikitext/wikitext-2-raw-v1/0.0.0/b08601e04326c79dfdd32d625aee71d232d685c3/cache-05e2d75c0aaf4f13.arrow
06/20/2024 18:16:55 - INFO - datasets.arrow_dataset - Loading cached processed dataset at /home/mila/z/zixuan.li/.cache/huggingface/datasets/wikitext/wikitext-2-raw-v1/0.0.0/b08601e04326c79dfdd32d625aee71d232d685c3/cache-e8014a8ce34ae12b.arrow
{'loss': 6.1491, 'grad_norm': 0.9025911688804626, 'learning_rate': 0.0004195804195804195, 'epoch': 10.2}
{'loss': 3.5184, 'grad_norm': 0.9376540184020996, 'learning_rate': 0.0005999998746101192, 'epoch': 20.41}
{'loss': 1.4808, 'grad_norm': 0.8625743389129639, 'learning_rate': 0.0005999990487122949, 'epoch': 30.61}
{'loss': 0.4411, 'grad_norm': 0.5822517275810242, 'learning_rate': 0.0005999974509494965, 'epoch': 40.82}
{'loss': 0.1999, 'grad_norm': 0.4090813994407654, 'learning_rate': 0.0005999950813258349, 'epoch': 51.02}
{'loss': 0.1426, 'grad_norm': 0.3911706507205963, 'learning_rate': 0.0005999919398474067, 'epoch': 61.22}
{'loss': 0.1221, 'grad_norm': 0.3866444230079651, 'learning_rate': 0.0005999880265222949, 'epoch': 71.43}
{'loss': 0.1107, 'grad_norm': 0.35605451464653015, 'learning_rate': 0.0005999833413605679, 'epoch': 81.63}
{'loss': 0.1006, 'grad_norm': 0.3458603024482727, 'learning_rate': 0.00059997788437428, 'epoch': 91.84}
{'loss': 0.0931, 'grad_norm': 0.31085896492004395, 'learning_rate': 0.0005999716555774715, 'epoch': 102.04}
{'loss': 0.0864, 'grad_norm': 0.3104931116104126, 'learning_rate': 0.0005999646549861685, 'epoch': 112.24}
{'loss': 0.0823, 'grad_norm': 0.30500850081443787, 'learning_rate': 0.0005999568826183826, 'epoch': 122.45}
{'loss': 0.0752, 'grad_norm': 0.2841409146785736, 'learning_rate': 0.0005999483384941114, 'epoch': 132.65}
{'loss': 0.0728, 'grad_norm': 0.29380857944488525, 'learning_rate': 0.0005999390226353381, 'epoch': 142.86}
{'loss': 0.0672, 'grad_norm': 0.25062617659568787, 'learning_rate': 0.0005999289350660311, 'epoch': 153.06}
{'loss': 0.0633, 'grad_norm': 0.25354281067848206, 'learning_rate': 0.0005999180758121448, 'epoch': 163.27}
{'loss': 0.0631, 'grad_norm': 0.24912193417549133, 'learning_rate': 0.0005999064449016189, 'epoch': 173.47}
{'loss': 0.057, 'grad_norm': 0.22959670424461365, 'learning_rate': 0.0005998940423643785, 'epoch': 183.67}
{'loss': 0.0536, 'grad_norm': 0.23737116158008575, 'learning_rate': 0.0005998808682323338, 'epoch': 193.88}
{'loss': 0.0518, 'grad_norm': 0.21432745456695557, 'learning_rate': 0.0005998669225393806, 'epoch': 204.08}
{'loss': 0.0492, 'grad_norm': 0.20453296601772308, 'learning_rate': 0.0005998522053213995, 'epoch': 214.29}
{'loss': 0.0471, 'grad_norm': 0.19790610671043396, 'learning_rate': 0.0005998367166162564, 'epoch': 224.49}
{'loss': 0.0446, 'grad_norm': 0.19776423275470734, 'learning_rate': 0.0005998204564638021, 'epoch': 234.69}
{'loss': 0.0427, 'grad_norm': 0.18572838604450226, 'learning_rate': 0.0005998034249058722, 'epoch': 244.9}
{'loss': 0.0408, 'grad_norm': 0.17773239314556122, 'learning_rate': 0.0005997856219862868, 'epoch': 255.1}
{'loss': 0.0392, 'grad_norm': 0.17191703617572784, 'learning_rate': 0.0005997670477508512, 'epoch': 265.31}
{'loss': 0.0381, 'grad_norm': 0.1751125603914261, 'learning_rate': 0.0005997477022473548, 'epoch': 275.51}
{'loss': 0.0367, 'grad_norm': 0.16684889793395996, 'learning_rate': 0.0005997275855255713, 'epoch': 285.71}
{'loss': 0.0356, 'grad_norm': 0.17652302980422974, 'learning_rate': 0.0005997067401826245, 'epoch': 295.92}
{'loss': 0.0343, 'grad_norm': 0.15519967675209045, 'learning_rate': 0.0005996850827236964, 'epoch': 306.12}
{'loss': 0.0329, 'grad_norm': 0.15769709646701813, 'learning_rate': 0.0005996626542075944, 'epoch': 316.33}
{'loss': 0.0321, 'grad_norm': 0.1479233056306839, 'learning_rate': 0.0005996394546920249, 'epoch': 326.53}
{'loss': 0.0314, 'grad_norm': 0.15117405354976654, 'learning_rate': 0.0005996155329469456, 'epoch': 336.73}
{'loss': 0.0305, 'grad_norm': 0.1476069688796997, 'learning_rate': 0.0005995907931551874, 'epoch': 346.94}
{'loss': 0.0292, 'grad_norm': 0.13940687477588654, 'learning_rate': 0.0005995652825488522, 'epoch': 357.14}
{'loss': 0.0287, 'grad_norm': 0.13566038012504578, 'learning_rate': 0.0005995390011935761, 'epoch': 367.35}
{'loss': 0.0279, 'grad_norm': 0.13515600562095642, 'learning_rate': 0.0005995120040301454, 'epoch': 377.55}
{'loss': 0.027, 'grad_norm': 0.14164382219314575, 'learning_rate': 0.0005994841829229804, 'epoch': 387.76}
{'loss': 0.026, 'grad_norm': 0.13656498491764069, 'learning_rate': 0.0005994555912755349, 'epoch': 397.96}
{'loss': 0.0257, 'grad_norm': 0.12148486822843552, 'learning_rate': 0.0005994262291613723, 'epoch': 408.16}
{'loss': 0.0251, 'grad_norm': 0.12729093432426453, 'learning_rate': 0.0005993961576898479, 'epoch': 418.37}
{'loss': 0.0243, 'grad_norm': 0.12270201742649078, 'learning_rate': 0.0005993652564114184, 'epoch': 428.57}
{'loss': 0.0237, 'grad_norm': 0.1280718892812729, 'learning_rate': 0.0005993335848986936, 'epoch': 438.78}
{'loss': 0.0233, 'grad_norm': 0.1257471740245819, 'learning_rate': 0.0005993011432331607, 'epoch': 448.98}
{'loss': 0.0232, 'grad_norm': 0.11025021225214005, 'learning_rate': 0.0005992679986902311, 'epoch': 459.18}
{'loss': 0.0219, 'grad_norm': 0.10956878960132599, 'learning_rate': 0.0005992340185113513, 'epoch': 469.39}
{'loss': 0.0218, 'grad_norm': 0.11666195839643478, 'learning_rate': 0.0005991992684358372, 'epoch': 479.59}
{'loss': 0.0214, 'grad_norm': 0.10833576321601868, 'learning_rate': 0.0005991637485530966, 'epoch': 489.8}
{'loss': 0.0207, 'grad_norm': 0.11196087300777435, 'learning_rate': 0.0005991275323018303, 'epoch': 500.0}
{'loss': 0.0206, 'grad_norm': 0.10701460391283035, 'learning_rate': 0.0005990904746199344, 'epoch': 510.2}
{'loss': 0.0199, 'grad_norm': 0.1064397320151329, 'learning_rate': 0.0005990526474107268, 'epoch': 520.41}
{'loss': 0.0195, 'grad_norm': 0.10885855555534363, 'learning_rate': 0.0005990140507715328, 'epoch': 530.61}
{'loss': 0.0193, 'grad_norm': 0.10898785293102264, 'learning_rate': 0.0005989747643013223, 'epoch': 540.82}
{'loss': 0.019, 'grad_norm': 0.09844741970300674, 'learning_rate': 0.0005989346306404063, 'epoch': 551.02}
{'loss': 0.0186, 'grad_norm': 0.09255744516849518, 'learning_rate': 0.0005988937278531484, 'epoch': 561.22}
{'loss': 0.0183, 'grad_norm': 0.10583755373954773, 'learning_rate': 0.0005988520560447868, 'epoch': 571.43}
{'loss': 0.0182, 'grad_norm': 0.1014106497168541, 'learning_rate': 0.0005988097866169601, 'epoch': 581.63}
{'loss': 0.0175, 'grad_norm': 0.09767917543649673, 'learning_rate': 0.0005987665801650195, 'epoch': 591.84}
{'loss': 0.0172, 'grad_norm': 0.0937032550573349, 'learning_rate': 0.0005987226050191125, 'epoch': 602.04}
{'loss': 0.0169, 'grad_norm': 0.08771408349275589, 'learning_rate': 0.0005986778612923824, 'epoch': 612.24}
{'loss': 0.0167, 'grad_norm': 0.09710398316383362, 'learning_rate': 0.0005986323490999499, 'epoch': 622.45}
{'loss': 0.0166, 'grad_norm': 0.10109525173902512, 'learning_rate': 0.000598586068558913, 'epoch': 632.65}
{'loss': 0.0163, 'grad_norm': 0.09216119349002838, 'learning_rate': 0.0005985390197883465, 'epoch': 642.86}
{'loss': 0.0159, 'grad_norm': 0.08460146188735962, 'learning_rate': 0.0005984912029093017, 'epoch': 653.06}
{'loss': 0.0157, 'grad_norm': 0.08792479336261749, 'learning_rate': 0.000598442715980902, 'epoch': 663.27}
{'loss': 0.0156, 'grad_norm': 0.09287387132644653, 'learning_rate': 0.0005983933647915544, 'epoch': 673.47}
{'loss': 0.0153, 'grad_norm': 0.0880601555109024, 'learning_rate': 0.000598343245868483, 'epoch': 683.67}
{'loss': 0.0151, 'grad_norm': 0.09567710012197495, 'learning_rate': 0.0005982923593406386, 'epoch': 693.88}
{'loss': 0.0148, 'grad_norm': 0.08219196647405624, 'learning_rate': 0.0005982407053389462, 'epoch': 704.08}
{'loss': 0.0147, 'grad_norm': 0.08480673283338547, 'learning_rate': 0.0005981883896047087, 'epoch': 714.29}
{'loss': 0.0145, 'grad_norm': 0.08391398191452026, 'learning_rate': 0.0005981352025902719, 'epoch': 724.49}
{'loss': 0.0143, 'grad_norm': 0.08646956086158752, 'learning_rate': 0.0005980812485063346, 'epoch': 734.69}
{'loss': 0.014, 'grad_norm': 0.0922512635588646, 'learning_rate': 0.000598026527491715, 'epoch': 744.9}
{'loss': 0.0138, 'grad_norm': 0.08475479483604431, 'learning_rate': 0.0005979710396872041, 'epoch': 755.1}
{'loss': 0.0138, 'grad_norm': 0.08109991997480392, 'learning_rate': 0.0005979148985094875, 'epoch': 765.31}
{'loss': 0.0137, 'grad_norm': 0.08353635668754578, 'learning_rate': 0.0005978578790883179, 'epoch': 775.51}
{'loss': 0.0136, 'grad_norm': 0.08318214118480682, 'learning_rate': 0.0005978000933111713, 'epoch': 785.71}
{'loss': 0.0131, 'grad_norm': 0.09190063178539276, 'learning_rate': 0.0005977415413267238, 'epoch': 795.92}
{'loss': 0.0132, 'grad_norm': 0.08424500375986099, 'learning_rate': 0.0005976823426861292, 'epoch': 806.12}
{'loss': 0.0128, 'grad_norm': 0.07685798406600952, 'learning_rate': 0.0005976222602726498, 'epoch': 816.33}
{'loss': 0.0127, 'grad_norm': 0.0861937403678894, 'learning_rate': 0.0005975614121094147, 'epoch': 826.53}
{'loss': 0.0126, 'grad_norm': 0.08561014384031296, 'learning_rate': 0.0005974997983529796, 'epoch': 836.73}
{'loss': 0.0125, 'grad_norm': 0.07364477962255478, 'learning_rate': 0.00059743754468405, 'epoch': 846.94}
{'loss': 0.0123, 'grad_norm': 0.08086197078227997, 'learning_rate': 0.000597374401749148, 'epoch': 857.14}
{'loss': 0.0122, 'grad_norm': 0.07083834707736969, 'learning_rate': 0.0005973104937022036, 'epoch': 867.35}
{'loss': 0.0122, 'grad_norm': 0.07430651038885117, 'learning_rate': 0.000597245820707645, 'epoch': 877.55}
{'loss': 0.0119, 'grad_norm': 0.07690300792455673, 'learning_rate': 0.0005971803829318692, 'epoch': 887.76}
{'loss': 0.0118, 'grad_norm': 0.07497517764568329, 'learning_rate': 0.0005971143137109881, 'epoch': 897.96}
{'loss': 0.0116, 'grad_norm': 0.08435400575399399, 'learning_rate': 0.0005970473484085511, 'epoch': 908.16}
{'loss': 0.0115, 'grad_norm': 0.07687578350305557, 'learning_rate': 0.0005969796188355444, 'epoch': 918.37}
{'loss': 0.0115, 'grad_norm': 0.07240775227546692, 'learning_rate': 0.0005969111251662288, 'epoch': 928.57}
{'loss': 0.0113, 'grad_norm': 0.07813423126935959, 'learning_rate': 0.000596841867576831, 'epoch': 938.78}
{'loss': 0.0114, 'grad_norm': 0.09091559052467346, 'learning_rate': 0.0005967719870503008, 'epoch': 948.98}
{'loss': 0.0111, 'grad_norm': 0.0702165961265564, 'learning_rate': 0.0005967012036842229, 'epoch': 959.18}
{'loss': 0.011, 'grad_norm': 0.07444074004888535, 'learning_rate': 0.0005966296569381678, 'epoch': 969.39}
{'loss': 0.0108, 'grad_norm': 0.0758802741765976, 'learning_rate': 0.000596557346996218, 'epoch': 979.59}
{'loss': 0.0108, 'grad_norm': 0.07242605090141296, 'learning_rate': 0.0005964842740444185, 'epoch': 989.8}
{'loss': 0.0107, 'grad_norm': 0.07620822638273239, 'learning_rate': 0.0005964104382707786, 'epoch': 1000.0}
{'loss': 0.0106, 'grad_norm': 0.07480202615261078, 'learning_rate': 0.0005963358398652697, 'epoch': 1010.2}
{'loss': 0.0105, 'grad_norm': 0.0700831413269043, 'learning_rate': 0.000596260479019825, 'epoch': 1020.41}
{'loss': 0.0104, 'grad_norm': 0.07606606930494308, 'learning_rate': 0.0005961845089351149, 'epoch': 1030.61}
{'loss': 0.0104, 'grad_norm': 0.07210901379585266, 'learning_rate': 0.0005961076253173497, 'epoch': 1040.82}
{'loss': 0.0103, 'grad_norm': 0.07577325403690338, 'learning_rate': 0.0005960299798468203, 'epoch': 1051.02}
{'loss': 0.0102, 'grad_norm': 0.06875889003276825, 'learning_rate': 0.0005959515727232998, 'epoch': 1061.22}
{'loss': 0.01, 'grad_norm': 0.07497409731149673, 'learning_rate': 0.0005958725632454644, 'epoch': 1071.43}
{'loss': 0.01, 'grad_norm': 0.0694439634680748, 'learning_rate': 0.0005957926349454109, 'epoch': 1081.63}
{'loss': 0.0099, 'grad_norm': 0.07769782096147537, 'learning_rate': 0.000595711945603029, 'epoch': 1091.84}
{'loss': 0.0098, 'grad_norm': 0.07777506858110428, 'learning_rate': 0.0005956304954259237, 'epoch': 1102.04}
{'loss': 0.0098, 'grad_norm': 0.07083731144666672, 'learning_rate': 0.0005955486149817523, 'epoch': 1112.24}
{'loss': 0.0106, 'grad_norm': 0.066966213285923, 'learning_rate': 0.0005954658135021767, 'epoch': 1122.45}
{'loss': 0.0094, 'grad_norm': 0.06931909173727036, 'learning_rate': 0.0005953820866466642, 'epoch': 1132.65}
{'loss': 0.0093, 'grad_norm': 0.07849257439374924, 'learning_rate': 0.0005952975998051196, 'epoch': 1142.86}
{'loss': 0.0096, 'grad_norm': 0.07139062136411667, 'learning_rate': 0.0005952123531949183, 'epoch': 1153.06}
{'loss': 0.0094, 'grad_norm': 0.06589411199092865, 'learning_rate': 0.0005951263470353906, 'epoch': 1163.27}
{'loss': 0.0093, 'grad_norm': 0.07260126620531082, 'learning_rate': 0.0005950395815478211, 'epoch': 1173.47}
{'loss': 0.0092, 'grad_norm': 0.06692609935998917, 'learning_rate': 0.0005949520569554479, 'epoch': 1183.67}
{'loss': 0.0092, 'grad_norm': 0.06663983315229416, 'learning_rate': 0.0005948637734834623, 'epoch': 1193.88}
{'loss': 0.0091, 'grad_norm': 0.06987523287534714, 'learning_rate': 0.0005947747313590081, 'epoch': 1204.08}
{'loss': 0.009, 'grad_norm': 0.07349295914173126, 'learning_rate': 0.000594684930811181, 'epoch': 1214.29}
{'loss': 0.0089, 'grad_norm': 0.06860800832509995, 'learning_rate': 0.0005945943720710281, 'epoch': 1224.49}
{'loss': 0.0089, 'grad_norm': 0.06993985921144485, 'learning_rate': 0.0005945030553715471, 'epoch': 1234.69}
{'loss': 0.0088, 'grad_norm': 0.07321781665086746, 'learning_rate': 0.0005944111658525856, 'epoch': 1244.9}
{'loss': 0.0087, 'grad_norm': 0.06880101561546326, 'learning_rate': 0.0005943183354559791, 'epoch': 1255.1}
{'loss': 0.0088, 'grad_norm': 0.06007780879735947, 'learning_rate': 0.0005942247478102568, 'epoch': 1265.31}
{'loss': 0.0087, 'grad_norm': 0.06504177302122116, 'learning_rate': 0.0005941304031562097, 'epoch': 1275.51}
{'loss': 0.0086, 'grad_norm': 0.06338027119636536, 'learning_rate': 0.0005940354926945051, 'epoch': 1285.71}
{'loss': 0.0086, 'grad_norm': 0.06871764361858368, 'learning_rate': 0.0005939396362667671, 'epoch': 1295.92}
{'loss': 0.0085, 'grad_norm': 0.07161197066307068, 'learning_rate': 0.0005938430235642652, 'epoch': 1306.12}
{'loss': 0.0085, 'grad_norm': 0.06308439373970032, 'learning_rate': 0.0005937458503273786, 'epoch': 1316.33}
{'loss': 0.0084, 'grad_norm': 0.07062532752752304, 'learning_rate': 0.000593647727334316, 'epoch': 1326.53}
{'loss': 0.0083, 'grad_norm': 0.06486250460147858, 'learning_rate': 0.0005935488488175395, 'epoch': 1336.73}
{'loss': 0.0083, 'grad_norm': 0.06530212610960007, 'learning_rate': 0.0005934492150314527, 'epoch': 1346.94}
{'loss': 0.0082, 'grad_norm': 0.069560706615448, 'learning_rate': 0.0005933492292912429, 'epoch': 1357.14}
{'loss': 0.0082, 'grad_norm': 0.06862443685531616, 'learning_rate': 0.0005932480887560205, 'epoch': 1367.35}
{'loss': 0.0082, 'grad_norm': 0.06099513918161392, 'learning_rate': 0.000593146193725311, 'epoch': 1377.55}
{'loss': 0.008, 'grad_norm': 0.06623954325914383, 'learning_rate': 0.0005930435444612788, 'epoch': 1387.76}
{'loss': 0.0079, 'grad_norm': 0.061660200357437134, 'learning_rate': 0.0005929401412280298, 'epoch': 1397.96}
{'loss': 0.0079, 'grad_norm': 0.06600205600261688, 'learning_rate': 0.000592835984291609, 'epoch': 1408.16}
{'loss': 0.008, 'grad_norm': 0.06502122431993484, 'learning_rate': 0.0005927310739200011, 'epoch': 1418.37}
{'loss': 0.008, 'grad_norm': 0.0655408725142479, 'learning_rate': 0.0005926254103831288, 'epoch': 1428.57}
{'loss': 0.0078, 'grad_norm': 0.06774188578128815, 'learning_rate': 0.0005925189939528531, 'epoch': 1438.78}
{'loss': 0.0078, 'grad_norm': 0.07597861438989639, 'learning_rate': 0.0005924118249029719, 'epoch': 1448.98}
{'loss': 0.0078, 'grad_norm': 0.07278674840927124, 'learning_rate': 0.0005923039035092196, 'epoch': 1459.18}
{'loss': 0.0077, 'grad_norm': 0.07312219589948654, 'learning_rate': 0.000592195230049266, 'epoch': 1469.39}
{'loss': 0.0077, 'grad_norm': 0.06322044879198074, 'learning_rate': 0.0005920860244033056, 'epoch': 1479.59}
{'loss': 0.0076, 'grad_norm': 0.060936808586120605, 'learning_rate': 0.0005919758491544269, 'epoch': 1489.8}
{'loss': 0.0075, 'grad_norm': 0.06629309058189392, 'learning_rate': 0.0005918649226833952, 'epoch': 1500.0}
{'loss': 0.0075, 'grad_norm': 0.05838795751333237, 'learning_rate': 0.0005917532452756125, 'epoch': 1510.2}
{'loss': 0.0076, 'grad_norm': 0.06162634491920471, 'learning_rate': 0.0005916410428234829, 'epoch': 1520.41}
{'loss': 0.0075, 'grad_norm': 0.06274524331092834, 'learning_rate': 0.0005915280930090616, 'epoch': 1530.61}
{'loss': 0.0074, 'grad_norm': 0.06411030888557434, 'learning_rate': 0.0005914141675224462, 'epoch': 1540.82}
{'loss': 0.0073, 'grad_norm': 0.05161475017666817, 'learning_rate': 0.0005912994922588236, 'epoch': 1551.02}
{'loss': 0.0073, 'grad_norm': 0.06124705448746681, 'learning_rate': 0.000591184067513241, 'epoch': 1561.22}
{'loss': 0.0073, 'grad_norm': 0.06523541361093521, 'learning_rate': 0.0005910678935826736, 'epoch': 1571.43}
{'loss': 0.0072, 'grad_norm': 0.06365131586790085, 'learning_rate': 0.0005909509707660244, 'epoch': 1581.63}
{'loss': 0.0072, 'grad_norm': 0.06433405727148056, 'learning_rate': 0.0005908332993641231, 'epoch': 1591.84}
{'loss': 0.0072, 'grad_norm': 0.06132560968399048, 'learning_rate': 0.0005907148796797254, 'epoch': 1602.04}
{'loss': 0.0071, 'grad_norm': 0.0628250390291214, 'learning_rate': 0.0005905959510991151, 'epoch': 1612.24}
{'loss': 0.0071, 'grad_norm': 0.06745753437280655, 'learning_rate': 0.0005904760372607272, 'epoch': 1622.45}
{'loss': 0.0071, 'grad_norm': 0.06914173811674118, 'learning_rate': 0.0005903556181271054, 'epoch': 1632.65}
{'loss': 0.007, 'grad_norm': 0.06126761436462402, 'learning_rate': 0.0005902342113663606, 'epoch': 1642.86}
{'loss': 0.007, 'grad_norm': 0.058818746358156204, 'learning_rate': 0.0005901120578645077, 'epoch': 1653.06}
{'loss': 0.0069, 'grad_norm': 0.06630782037973404, 'learning_rate': 0.0005899891579358346, 'epoch': 1663.27}
{'loss': 0.0069, 'grad_norm': 0.06074072793126106, 'learning_rate': 0.0005898655118965493, 'epoch': 1673.47}
{'loss': 0.0069, 'grad_norm': 0.06672952324151993, 'learning_rate': 0.0005897411200647797, 'epoch': 1683.67}
{'loss': 0.0069, 'grad_norm': 0.056929316371679306, 'learning_rate': 0.0005896159827605724, 'epoch': 1693.88}
{'loss': 0.0068, 'grad_norm': 0.05893619358539581, 'learning_rate': 0.0005894903528142467, 'epoch': 1704.08}
{'loss': 0.0068, 'grad_norm': 0.06313120573759079, 'learning_rate': 0.000589363727022304, 'epoch': 1714.29}
{'loss': 0.0068, 'grad_norm': 0.06403807550668716, 'learning_rate': 0.000589236356728915, 'epoch': 1724.49}
{'loss': 0.0067, 'grad_norm': 0.060114722698926926, 'learning_rate': 0.0005891082422617896, 'epoch': 1734.69}
{'loss': 0.0066, 'grad_norm': 0.05761135742068291, 'learning_rate': 0.0005889796424093112, 'epoch': 1744.9}
{'loss': 0.0066, 'grad_norm': 0.07240162044763565, 'learning_rate': 0.0005888500420721935, 'epoch': 1755.1}
{'loss': 0.0066, 'grad_norm': 0.06541632115840912, 'learning_rate': 0.0005887196985552851, 'epoch': 1765.31}
{'loss': 0.0066, 'grad_norm': 0.06059778854250908, 'learning_rate': 0.0005885886121939458, 'epoch': 1775.51}
{'loss': 0.0065, 'grad_norm': 0.06504063308238983, 'learning_rate': 0.0005884567833254464, 'epoch': 1785.71}
{'loss': 0.0066, 'grad_norm': 0.06956788897514343, 'learning_rate': 0.0005883242122889682, 'epoch': 1795.92}
{'loss': 0.0065, 'grad_norm': 0.06071436405181885, 'learning_rate': 0.0005881908994256023, 'epoch': 1806.12}
{'loss': 0.0065, 'grad_norm': 0.06335361301898956, 'learning_rate': 0.0005880568450783479, 'epoch': 1816.33}
{'loss': 0.0064, 'grad_norm': 0.05997532233595848, 'learning_rate': 0.0005879220495921127, 'epoch': 1826.53}
{'loss': 0.0064, 'grad_norm': 0.06282356381416321, 'learning_rate': 0.0005877865133137105, 'epoch': 1836.73}
{'loss': 0.0065, 'grad_norm': 0.06807096302509308, 'learning_rate': 0.0005876505098840351, 'epoch': 1846.94}
{'loss': 0.0064, 'grad_norm': 0.059679124504327774, 'learning_rate': 0.000587513494549199, 'epoch': 1857.14}
{'loss': 0.0067, 'grad_norm': 0.05880018323659897, 'learning_rate': 0.0005873757394733638, 'epoch': 1867.35}
{'loss': 0.0063, 'grad_norm': 0.066890187561512, 'learning_rate': 0.0005872372450109585, 'epoch': 1877.55}
{'loss': 0.0062, 'grad_norm': 0.057368792593479156, 'learning_rate': 0.000587098011518314, 'epoch': 1887.76}
{'loss': 0.0062, 'grad_norm': 0.05808112770318985, 'learning_rate': 0.0005869580393536631, 'epoch': 1897.96}
{'loss': 0.0062, 'grad_norm': 0.05743737891316414, 'learning_rate': 0.0005868173288771391, 'epoch': 1908.16}
{'loss': 0.0063, 'grad_norm': 0.05918316915631294, 'learning_rate': 0.0005866758804507745, 'epoch': 1918.37}
{'loss': 0.0062, 'grad_norm': 0.056477613747119904, 'learning_rate': 0.0005865339795463934, 'epoch': 1928.57}
{'loss': 0.0061, 'grad_norm': 0.057752519845962524, 'learning_rate': 0.0005863913443671327, 'epoch': 1938.78}
{'loss': 0.0062, 'grad_norm': 0.06295111030340195, 'learning_rate': 0.0005862476872290998, 'epoch': 1948.98}
{'loss': 0.0061, 'grad_norm': 0.054869577288627625, 'learning_rate': 0.0005861032936068526, 'epoch': 1959.18}
{'loss': 0.0061, 'grad_norm': 0.06018892303109169, 'learning_rate': 0.0005859581638719002, 'epoch': 1969.39}
{'loss': 0.0061, 'grad_norm': 0.05123090744018555, 'learning_rate': 0.0005858122983976456, 'epoch': 1979.59}
{'loss': 0.0061, 'grad_norm': 0.0634385347366333, 'learning_rate': 0.0005856656975593848, 'epoch': 1989.8}
{'loss': 0.006, 'grad_norm': 0.06200532242655754, 'learning_rate': 0.0005855183617343059, 'epoch': 2000.0}
{'loss': 0.006, 'grad_norm': 0.05270573869347572, 'learning_rate': 0.0005853702913014879, 'epoch': 2010.2}
{'loss': 0.0059, 'grad_norm': 0.057273153215646744, 'learning_rate': 0.0005852217849837234, 'epoch': 2020.41}
{'loss': 0.006, 'grad_norm': 0.052417557686567307, 'learning_rate': 0.0005850728475569826, 'epoch': 2030.61}
{'loss': 0.0059, 'grad_norm': 0.06349916756153107, 'learning_rate': 0.0005849225799939216, 'epoch': 2040.82}
{'loss': 0.0059, 'grad_norm': 0.0487503856420517, 'learning_rate': 0.0005847715793560034, 'epoch': 2051.02}
{'loss': 0.0058, 'grad_norm': 0.06704902648925781, 'learning_rate': 0.0005846198460317361, 'epoch': 2061.22}
{'loss': 0.0059, 'grad_norm': 0.05820400267839432, 'learning_rate': 0.0005844673804115129, 'epoch': 2071.43}
{'loss': 0.0059, 'grad_norm': 0.06832321733236313, 'learning_rate': 0.0005843141828876117, 'epoch': 2081.63}
{'loss': 0.0058, 'grad_norm': 0.06903625279664993, 'learning_rate': 0.0005841602538541928, 'epoch': 2091.84}
{'loss': 0.0058, 'grad_norm': 0.06007798761129379, 'learning_rate': 0.0005840055937072989, 'epoch': 2102.04}
{'loss': 0.0057, 'grad_norm': 0.052616704255342484, 'learning_rate': 0.0005838502028448539, 'epoch': 2112.24}
{'loss': 0.0057, 'grad_norm': 0.06428581476211548, 'learning_rate': 0.0005836940816666614, 'epoch': 2122.45}
{'loss': 0.0058, 'grad_norm': 0.056963782757520676, 'learning_rate': 0.0005835372305744045, 'epoch': 2132.65}
{'loss': 0.0057, 'grad_norm': 0.06789541244506836, 'learning_rate': 0.0005833796499716438, 'epoch': 2142.86}
{'loss': 0.0057, 'grad_norm': 0.059961769729852676, 'learning_rate': 0.0005832216576106093, 'epoch': 2153.06}
{'loss': 0.0057, 'grad_norm': 0.05735481157898903, 'learning_rate': 0.0005830626206620182, 'epoch': 2163.27}
{'loss': 0.0058, 'grad_norm': 0.05428998917341232, 'learning_rate': 0.0005829031756810789, 'epoch': 2173.47}
{'loss': 0.0055, 'grad_norm': 0.05389797315001488, 'learning_rate': 0.0005827426840201238, 'epoch': 2183.67}
{'loss': 0.0056, 'grad_norm': 0.05753611400723457, 'learning_rate': 0.0005825814648929468, 'epoch': 2193.88}
{'loss': 0.0055, 'grad_norm': 0.053036466240882874, 'learning_rate': 0.0005824195187143474, 'epoch': 2204.08}
{'loss': 0.0056, 'grad_norm': 0.060066189616918564, 'learning_rate': 0.0005822568459009957, 'epoch': 2214.29}
{'loss': 0.0056, 'grad_norm': 0.05476728454232216, 'learning_rate': 0.0005820934468714309, 'epoch': 2224.49}
{'loss': 0.0055, 'grad_norm': 0.05781955644488335, 'learning_rate': 0.0005819293220460611, 'epoch': 2234.69}
{'loss': 0.0055, 'grad_norm': 0.056413620710372925, 'learning_rate': 0.0005817644718471616, 'epoch': 2244.9}
{'loss': 0.0055, 'grad_norm': 0.05502264201641083, 'learning_rate': 0.0005815992285723873, 'epoch': 2255.1}
{'loss': 0.0055, 'grad_norm': 0.0544547364115715, 'learning_rate': 0.000581432930349339, 'epoch': 2265.31}
{'loss': 0.0054, 'grad_norm': 0.06344947963953018, 'learning_rate': 0.0005812659080299229, 'epoch': 2275.51}
{'loss': 0.0054, 'grad_norm': 0.057594262063503265, 'learning_rate': 0.0005810981620438695, 'epoch': 2285.71}
{'loss': 0.0054, 'grad_norm': 0.06232985854148865, 'learning_rate': 0.0005809300304827137, 'epoch': 2295.92}
{'loss': 0.0054, 'grad_norm': 0.051740359514951706, 'learning_rate': 0.000580761179007415, 'epoch': 2306.12}
{'loss': 0.0053, 'grad_norm': 0.04733419418334961, 'learning_rate': 0.0005805912675070399, 'epoch': 2316.33}
{'loss': 0.0053, 'grad_norm': 0.05672986060380936, 'learning_rate': 0.0005804206340758043, 'epoch': 2326.53}
{'loss': 0.0054, 'grad_norm': 0.05977050960063934, 'learning_rate': 0.0005802492791527293, 'epoch': 2336.73}
{'loss': 0.0053, 'grad_norm': 0.06504439562559128, 'learning_rate': 0.0005800772031786925, 'epoch': 2346.94}
{'loss': 0.0053, 'grad_norm': 0.0530831553041935, 'learning_rate': 0.0005799044065964267, 'epoch': 2357.14}
{'loss': 0.0052, 'grad_norm': 0.05512876436114311, 'learning_rate': 0.0005797308898505189, 'epoch': 2367.35}
{'loss': 0.0053, 'grad_norm': 0.06052779406309128, 'learning_rate': 0.0005795566533874086, 'epoch': 2377.55}
{'loss': 0.0053, 'grad_norm': 0.0641624853014946, 'learning_rate': 0.0005793823989105033, 'epoch': 2387.76}
{'loss': 0.0052, 'grad_norm': 0.05331980809569359, 'learning_rate': 0.0005792067272340893, 'epoch': 2397.96}
{'loss': 0.0053, 'grad_norm': 0.05446701496839523, 'learning_rate': 0.0005790303371890866, 'epoch': 2408.16}
{'loss': 0.0052, 'grad_norm': 0.06849269568920135, 'learning_rate': 0.0005788532292293272, 'epoch': 2418.37}
{'loss': 0.0052, 'grad_norm': 0.06771852821111679, 'learning_rate': 0.0005786754038104911, 'epoch': 2428.57}
{'loss': 0.0052, 'grad_norm': 0.05198466032743454, 'learning_rate': 0.0005784968613901034, 'epoch': 2438.78}
{'loss': 0.0052, 'grad_norm': 0.05150659382343292, 'learning_rate': 0.0005783176024275347, 'epoch': 2448.98}
{'loss': 0.0052, 'grad_norm': 0.060020457953214645, 'learning_rate': 0.0005781376273839985, 'epoch': 2459.18}
{'loss': 0.0051, 'grad_norm': 0.0605449378490448, 'learning_rate': 0.0005779572988177523, 'epoch': 2469.39}
{'loss': 0.0051, 'grad_norm': 0.050298698246479034, 'learning_rate': 0.0005777762579553153, 'epoch': 2479.59}
{'loss': 0.0052, 'grad_norm': 0.06128942593932152, 'learning_rate': 0.0005775941403123913, 'epoch': 2489.8}
{'loss': 0.0051, 'grad_norm': 0.052200786769390106, 'learning_rate': 0.0005774113084498894, 'epoch': 2500.0}
{'loss': 0.0051, 'grad_norm': 0.058272384107112885, 'learning_rate': 0.0005772277628382163, 'epoch': 2510.2}
{'loss': 0.005, 'grad_norm': 0.05352450907230377, 'learning_rate': 0.0005770435039496147, 'epoch': 2520.41}
{'loss': 0.0049, 'grad_norm': 0.051068536937236786, 'learning_rate': 0.0005768585322581629, 'epoch': 2530.61}
{'loss': 0.005, 'grad_norm': 0.05369647964835167, 'learning_rate': 0.0005766728482397728, 'epoch': 2540.82}
{'loss': 0.005, 'grad_norm': 0.06006767600774765, 'learning_rate': 0.0005764864523721894, 'epoch': 2551.02}
{'loss': 0.005, 'grad_norm': 0.05820610746741295, 'learning_rate': 0.0005762997200590903, 'epoch': 2561.22}
{'loss': 0.005, 'grad_norm': 0.050404489040374756, 'learning_rate': 0.0005761119033549742, 'epoch': 2571.43}
{'loss': 0.0049, 'grad_norm': 0.055097468197345734, 'learning_rate': 0.0005759233762449148, 'epoch': 2581.63}
{'loss': 0.0049, 'grad_norm': 0.058384984731674194, 'learning_rate': 0.0005757341392139721, 'epoch': 2591.84}
{'loss': 0.0049, 'grad_norm': 0.05118311941623688, 'learning_rate': 0.0005755445733496528, 'epoch': 2602.04}
{'loss': 0.0049, 'grad_norm': 0.062837153673172, 'learning_rate': 0.0005753539193568293, 'epoch': 2612.24}
{'loss': 0.0049, 'grad_norm': 0.05247079208493233, 'learning_rate': 0.0005751625569082732, 'epoch': 2622.45}
{'loss': 0.0049, 'grad_norm': 0.051978230476379395, 'learning_rate': 0.0005749704864963394, 'epoch': 2632.65}
{'loss': 0.0048, 'grad_norm': 0.05061148852109909, 'learning_rate': 0.0005747780948766911, 'epoch': 2642.86}
{'loss': 0.005, 'grad_norm': 0.05604875832796097, 'learning_rate': 0.0005745846114358009, 'epoch': 2653.06}
{'loss': 0.0049, 'grad_norm': 0.057965852320194244, 'learning_rate': 0.0005743904215185239, 'epoch': 2663.27}
{'loss': 0.0048, 'grad_norm': 0.058612432330846786, 'learning_rate': 0.0005741955256244896, 'epoch': 2673.47}
{'loss': 0.0048, 'grad_norm': 0.04593535140156746, 'learning_rate': 0.0005740003161616128, 'epoch': 2683.67}
{'loss': 0.0048, 'grad_norm': 0.06116843596100807, 'learning_rate': 0.0005738044045427491, 'epoch': 2693.88}
{'loss': 0.0048, 'grad_norm': 0.051733389496803284, 'learning_rate': 0.0005736073965512372, 'epoch': 2704.08}
{'loss': 0.0048, 'grad_norm': 0.10658107697963715, 'learning_rate': 0.0005734096845976062, 'epoch': 2714.29}
{'loss': 0.0048, 'grad_norm': 0.06109840050339699, 'learning_rate': 0.0005732112691905476, 'epoch': 2724.49}
{'loss': 0.0048, 'grad_norm': 0.058735352009534836, 'learning_rate': 0.0005730121508405625, 'epoch': 2734.69}
{'loss': 0.0048, 'grad_norm': 0.05618146061897278, 'learning_rate': 0.0005728123300599609, 'epoch': 2744.9}
{'loss': 0.0047, 'grad_norm': 0.05022751912474632, 'learning_rate': 0.0005726118073628599, 'epoch': 2755.1}
{'loss': 0.0047, 'grad_norm': 0.0523848757147789, 'learning_rate': 0.0005724105832651828, 'epoch': 2765.31}
{'loss': 0.0047, 'grad_norm': 0.05591847375035286, 'learning_rate': 0.0005722090628337542, 'epoch': 2775.51}
{'loss': 0.0047, 'grad_norm': 0.05205988883972168, 'learning_rate': 0.0005720064388901182, 'epoch': 2785.71}
{'loss': 0.0047, 'grad_norm': 0.06369943171739578, 'learning_rate': 0.0005718031151034531, 'epoch': 2795.92}
{'loss': 0.0047, 'grad_norm': 0.053430620580911636, 'learning_rate': 0.0005715990919968892, 'epoch': 2806.12}
{'loss': 0.0046, 'grad_norm': 0.055575646460056305, 'learning_rate': 0.0005713947802362063, 'epoch': 2816.33}
{'loss': 0.0046, 'grad_norm': 0.045523133128881454, 'learning_rate': 0.0005711893614624402, 'epoch': 2826.53}
{'loss': 0.0046, 'grad_norm': 0.042609695345163345, 'learning_rate': 0.0005709832449478966, 'epoch': 2836.73}
{'loss': 0.0047, 'grad_norm': 0.06099121645092964, 'learning_rate': 0.000570776431222891, 'epoch': 2846.94}
{'loss': 0.0046, 'grad_norm': 0.06076781079173088, 'learning_rate': 0.0005705693365352699, 'epoch': 2857.14}
{'loss': 0.0046, 'grad_norm': 0.057077135890722275, 'learning_rate': 0.0005703611313792154, 'epoch': 2867.35}
{'loss': 0.0046, 'grad_norm': 0.05233132094144821, 'learning_rate': 0.0005701522306133296, 'epoch': 2877.55}
{'loss': 0.0046, 'grad_norm': 0.05175347626209259, 'learning_rate': 0.0005699426347750916, 'epoch': 2887.76}
{'loss': 0.0046, 'grad_norm': 0.060285914689302444, 'learning_rate': 0.0005697327656772959, 'epoch': 2897.96}
{'loss': 0.0045, 'grad_norm': 0.05030542239546776, 'learning_rate': 0.0005695217827013848, 'epoch': 2908.16}
{'loss': 0.0045, 'grad_norm': 0.05344141274690628, 'learning_rate': 0.0005693101062751956, 'epoch': 2918.37}
{'loss': 0.0046, 'grad_norm': 0.05376916751265526, 'learning_rate': 0.0005690977369433484, 'epoch': 2928.57}
{'loss': 0.0045, 'grad_norm': 0.059703271836042404, 'learning_rate': 0.0005688851020662393, 'epoch': 2938.78}
{'loss': 0.0045, 'grad_norm': 0.05601416155695915, 'learning_rate': 0.0005686713499471414, 'epoch': 2948.98}
{'loss': 0.0046, 'grad_norm': 0.05563098192214966, 'learning_rate': 0.0005684569065658362, 'epoch': 2959.18}
{'loss': 0.0044, 'grad_norm': 0.05289427191019058, 'learning_rate': 0.0005682417724740634, 'epoch': 2969.39}
{'loss': 0.0045, 'grad_norm': 0.06476274132728577, 'learning_rate': 0.0005680263805622448, 'epoch': 2979.59}
{'loss': 0.0044, 'grad_norm': 0.040648724883794785, 'learning_rate': 0.0005678098680905101, 'epoch': 2989.8}
{'loss': 0.0045, 'grad_norm': 0.059542201459407806, 'learning_rate': 0.000567593101663399, 'epoch': 3000.0}
{'loss': 0.0045, 'grad_norm': 0.053327057510614395, 'learning_rate': 0.0005673752130354992, 'epoch': 3010.2}
{'loss': 0.0044, 'grad_norm': 0.06712804734706879, 'learning_rate': 0.0005671566364802118, 'epoch': 3020.41}
{'loss': 0.0044, 'grad_norm': 0.06026462838053703, 'learning_rate': 0.0005669373725599105, 'epoch': 3030.61}
{'loss': 0.0044, 'grad_norm': 0.05258629098534584, 'learning_rate': 0.0005667174218387376, 'epoch': 3040.82}
{'loss': 0.0044, 'grad_norm': 0.04735489562153816, 'learning_rate': 0.0005664967848826022, 'epoch': 3051.02}
{'loss': 0.0045, 'grad_norm': 0.04680122807621956, 'learning_rate': 0.0005662759055883438, 'epoch': 3061.22}
{'loss': 0.0044, 'grad_norm': 0.055659219622612, 'learning_rate': 0.0005660538992366988, 'epoch': 3071.43}
{'loss': 0.0044, 'grad_norm': 0.048593051731586456, 'learning_rate': 0.0005658312083572631, 'epoch': 3081.63}
{'loss': 0.0043, 'grad_norm': 0.0567169152200222, 'learning_rate': 0.000565607833522996, 'epoch': 3091.84}
{'loss': 0.0045, 'grad_norm': 0.054446835070848465, 'learning_rate': 0.0005653842241066761, 'epoch': 3102.04}
{'loss': 0.0044, 'grad_norm': 0.05542711913585663, 'learning_rate': 0.000565159484453693, 'epoch': 3112.24}
{'loss': 0.0043, 'grad_norm': 0.06107715144753456, 'learning_rate': 0.0005649340625741511, 'epoch': 3122.45}
{'loss': 0.0043, 'grad_norm': 0.048041924834251404, 'learning_rate': 0.0005647079590480367, 'epoch': 3132.65}
{'loss': 0.0043, 'grad_norm': 0.04944222792983055, 'learning_rate': 0.0005644811744570894, 'epoch': 3142.86}
{'loss': 0.0044, 'grad_norm': 0.05447975546121597, 'learning_rate': 0.0005642537093848016, 'epoch': 3153.06}
{'loss': 0.0042, 'grad_norm': 0.04770310968160629, 'learning_rate': 0.0005640255644164158, 'epoch': 3163.27}
{'loss': 0.0043, 'grad_norm': 0.060161031782627106, 'learning_rate': 0.0005637967401389245, 'epoch': 3173.47}
{'loss': 0.0043, 'grad_norm': 0.05577004700899124, 'learning_rate': 0.0005635672371410677, 'epoch': 3183.67}
{'loss': 0.0044, 'grad_norm': 0.0509028360247612, 'learning_rate': 0.0005633375170519674, 'epoch': 3193.88}
{'loss': 0.0042, 'grad_norm': 0.052076105028390884, 'learning_rate': 0.0005631066597410663, 'epoch': 3204.08}
{'loss': 0.0042, 'grad_norm': 0.05538254603743553, 'learning_rate': 0.0005628751254853016, 'epoch': 3214.29}
{'loss': 0.0042, 'grad_norm': 0.05181474611163139, 'learning_rate': 0.0005626429148803858, 'epoch': 3224.49}
{'loss': 0.0042, 'grad_norm': 0.05173048749566078, 'learning_rate': 0.0005624100285237715, 'epoch': 3234.69}
{'loss': 0.0043, 'grad_norm': 0.04860890284180641, 'learning_rate': 0.0005621764670146501, 'epoch': 3244.9}
{'loss': 0.0042, 'grad_norm': 0.055776748806238174, 'learning_rate': 0.00056194223095395, 'epoch': 3255.1}
{'loss': 0.0042, 'grad_norm': 0.05265723913908005, 'learning_rate': 0.0005617073209443351, 'epoch': 3265.31}
{'loss': 0.0042, 'grad_norm': 0.05419321358203888, 'learning_rate': 0.0005614722094285068, 'epoch': 3275.51}
{'loss': 0.0042, 'grad_norm': 0.0580715648829937, 'learning_rate': 0.0005612359546808593, 'epoch': 3285.71}
{'loss': 0.0042, 'grad_norm': 0.05769067630171776, 'learning_rate': 0.0005609990278014691, 'epoch': 3295.92}
{'loss': 0.0042, 'grad_norm': 0.055543169379234314, 'learning_rate': 0.0005607614293999235, 'epoch': 3306.12}
{'loss': 0.0042, 'grad_norm': 0.03716714680194855, 'learning_rate': 0.0005605236372953239, 'epoch': 3316.33}
{'loss': 0.0041, 'grad_norm': 0.05428424850106239, 'learning_rate': 0.0005602846990251208, 'epoch': 3326.53}
{'loss': 0.0041, 'grad_norm': 0.05774269625544548, 'learning_rate': 0.0005600455709544968, 'epoch': 3336.73}
{'loss': 0.0041, 'grad_norm': 0.06304333359003067, 'learning_rate': 0.0005598052952697679, 'epoch': 3346.94}
{'loss': 0.0041, 'grad_norm': 0.049990758299827576, 'learning_rate': 0.0005595643511342275, 'epoch': 3357.14}
{'loss': 0.0041, 'grad_norm': 0.04931202158331871, 'learning_rate': 0.0005593227391677989, 'epoch': 3367.35}
{'loss': 0.0041, 'grad_norm': 0.04929134622216225, 'learning_rate': 0.0005590804599921235, 'epoch': 3377.55}
{'loss': 0.0041, 'grad_norm': 0.04677153378725052, 'learning_rate': 0.0005588375142305591, 'epoch': 3387.76}
{'loss': 0.0041, 'grad_norm': 0.04777233302593231, 'learning_rate': 0.0005585939025081791, 'epoch': 3397.96}
{'loss': 0.004, 'grad_norm': 0.05690637603402138, 'learning_rate': 0.0005583496254517697, 'epoch': 3408.16}
{'loss': 0.0041, 'grad_norm': 0.04596483334898949, 'learning_rate': 0.0005581051742363106, 'epoch': 3418.37}
{'loss': 0.0041, 'grad_norm': 0.051461588591337204, 'learning_rate': 0.0005578595697265684, 'epoch': 3428.57}
{'loss': 0.004, 'grad_norm': 0.050092652440071106, 'learning_rate': 0.0005576133017721553, 'epoch': 3438.78}
{'loss': 0.004, 'grad_norm': 0.043409235775470734, 'learning_rate': 0.0005573663710066922, 'epoch': 3448.98}
{'loss': 0.004, 'grad_norm': 0.048542868345975876, 'learning_rate': 0.0005571192739118157, 'epoch': 3459.18}
{'loss': 0.004, 'grad_norm': 0.05023997649550438, 'learning_rate': 0.0005568710207543747, 'epoch': 3469.39}
{'loss': 0.0041, 'grad_norm': 0.05378665775060654, 'learning_rate': 0.000556622106695692, 'epoch': 3479.59}
{'loss': 0.004, 'grad_norm': 0.04886200278997421, 'learning_rate': 0.0005563725323761966, 'epoch': 3489.8}
{'loss': 0.004, 'grad_norm': 0.05047418549656868, 'learning_rate': 0.0005561227995637641, 'epoch': 3500.0}
{'loss': 0.004, 'grad_norm': 0.04825432598590851, 'learning_rate': 0.0005558719079680292, 'epoch': 3510.2}
{'loss': 0.004, 'grad_norm': 0.04989965632557869, 'learning_rate': 0.0005556203580416613, 'epoch': 3520.41}
{'loss': 0.004, 'grad_norm': 0.04696377366781235, 'learning_rate': 0.000555368150431871, 'epoch': 3530.61}
{'loss': 0.004, 'grad_norm': 0.04347429424524307, 'learning_rate': 0.0005551157921721382, 'epoch': 3540.82}
{'loss': 0.0039, 'grad_norm': 0.046404529362916946, 'learning_rate': 0.0005548622724560196, 'epoch': 3551.02}
{'loss': 0.0039, 'grad_norm': 0.046943504363298416, 'learning_rate': 0.0005546080970069507, 'epoch': 3561.22}
{'loss': 0.0039, 'grad_norm': 0.05570743605494499, 'learning_rate': 0.0005543532664788972, 'epoch': 3571.43}
{'loss': 0.0039, 'grad_norm': 0.05689374357461929, 'learning_rate': 0.0005540977815275103, 'epoch': 3581.63}
{'loss': 0.0039, 'grad_norm': 0.0542047917842865, 'learning_rate': 0.0005538421557395807, 'epoch': 3591.84}
{'loss': 0.0039, 'grad_norm': 0.04784567281603813, 'learning_rate': 0.0005535858794531704, 'epoch': 3602.04}

======== GPU REPORT ========

==============NVSMI LOG==============

Timestamp                                 : Sat Jun 22 18:16:50 2024
Driver Version                            : 535.161.08
CUDA Version                              : 12.2

Attached GPUs                             : 2
GPU 00000000:43:00.0
    Accounting Mode                       : Enabled
    Accounting Mode Buffer Size           : 4000
    Accounted Processes
        Process ID                        : 2450975
            GPU Utilization               : 96 %
            Memory Utilization            : 48 %
            Max memory usage              : 72542 MiB
            Time                          : 0 ms
            Is Running                    : 1

GPU 00000000:C3:00.0
    Accounting Mode                       : Enabled
    Accounting Mode Buffer Size           : 4000
    Accounted Processes
        Process ID                        : 2450976
            GPU Utilization               : 96 %
            Memory Utilization            : 48 %
            Max memory usage              : 72540 MiB
            Time                          : 0 ms
            Is Running                    : 1

Sat Jun 22 18:16:50 2024       
+---------------------------------------------------------------------------------------+
| NVIDIA-SMI 535.161.08             Driver Version: 535.161.08   CUDA Version: 12.2     |
|-----------------------------------------+----------------------+----------------------+
| GPU  Name                 Persistence-M | Bus-Id        Disp.A | Volatile Uncorr. ECC |
| Fan  Temp   Perf          Pwr:Usage/Cap |         Memory-Usage | GPU-Util  Compute M. |
|                                         |                      |               MIG M. |
|=========================================+======================+======================|
|   0  NVIDIA A100 80GB PCIe          On  | 00000000:43:00.0 Off |                    0 |
| N/A   61C    P0             298W / 300W |  72534MiB / 81920MiB |     87%      Default |
|                                         |                      |             Disabled |
+-----------------------------------------+----------------------+----------------------+
|   1  NVIDIA A100 80GB PCIe          On  | 00000000:C3:00.0 Off |                    0 |
| N/A   63C    P0             302W / 300W |  72534MiB / 81920MiB |     89%      Default |
|                                         |                      |             Disabled |
+-----------------------------------------+----------------------+----------------------+
                                                                                         
+---------------------------------------------------------------------------------------+
| Processes:                                                                            |
|  GPU   GI   CI        PID   Type   Process name                            GPU Memory |
|        ID   ID                                                             Usage      |
|=======================================================================================|
|    0   N/A  N/A   2450975      C   ...an.li/.conda/envs/new/bin/python3.9    72528MiB |
|    1   N/A  N/A   2450976      C   ...an.li/.conda/envs/new/bin/python3.9    72528MiB |
+---------------------------------------------------------------------------------------+
