W0615 20:04:00.774361 140177903576896 torch/distributed/run.py:757] 
W0615 20:04:00.774361 140177903576896 torch/distributed/run.py:757] *****************************************
W0615 20:04:00.774361 140177903576896 torch/distributed/run.py:757] Setting OMP_NUM_THREADS environment variable for each process to be 1 in default, to avoid your system being overloaded, please further tune the variable for optimal performance in your application as needed. 
W0615 20:04:00.774361 140177903576896 torch/distributed/run.py:757] *****************************************
[rank0]: Traceback (most recent call last):
[rank0]:   File "/home/mila/z/zixuan.li/transformers/examples/pytorch/language-modeling/run_clm.py", line 654, in <module>
[rank0]:     main()
[rank0]:   File "/home/mila/z/zixuan.li/transformers/examples/pytorch/language-modeling/run_clm.py", line 249, in main
[rank0]:     model_args, data_args, training_args = parser.parse_args_into_dataclasses()
[rank0]:   File "/home/mila/z/zixuan.li/.conda/envs/new/lib/python3.9/site-packages/transformers/hf_argparser.py", line 348, in parse_args_into_dataclasses
[rank0]:     raise ValueError(f"Some specified arguments are not used by the HfArgumentParser: {remaining_args}")
[rank0]: ValueError: Some specified arguments are not used by the HfArgumentParser: ['--per_device_train_batch_size32']
[rank1]: Traceback (most recent call last):
[rank1]:   File "/home/mila/z/zixuan.li/transformers/examples/pytorch/language-modeling/run_clm.py", line 654, in <module>
[rank1]:     main()
[rank1]:   File "/home/mila/z/zixuan.li/transformers/examples/pytorch/language-modeling/run_clm.py", line 249, in main
[rank1]:     model_args, data_args, training_args = parser.parse_args_into_dataclasses()
[rank1]:   File "/home/mila/z/zixuan.li/.conda/envs/new/lib/python3.9/site-packages/transformers/hf_argparser.py", line 348, in parse_args_into_dataclasses
[rank1]:     raise ValueError(f"Some specified arguments are not used by the HfArgumentParser: {remaining_args}")
[rank1]: ValueError: Some specified arguments are not used by the HfArgumentParser: ['--per_device_train_batch_size32']
E0615 20:04:10.812067 140177903576896 torch/distributed/elastic/multiprocessing/api.py:826] failed (exitcode: 1) local_rank: 0 (pid: 2100649) of binary: /home/mila/z/zixuan.li/.conda/envs/new/bin/python3.9
Traceback (most recent call last):
  File "/home/mila/z/zixuan.li/.conda/envs/new/bin/torchrun", line 8, in <module>
    sys.exit(main())
  File "/home/mila/z/zixuan.li/.conda/envs/new/lib/python3.9/site-packages/torch/distributed/elastic/multiprocessing/errors/__init__.py", line 347, in wrapper
    return f(*args, **kwargs)
  File "/home/mila/z/zixuan.li/.conda/envs/new/lib/python3.9/site-packages/torch/distributed/run.py", line 879, in main
    run(args)
  File "/home/mila/z/zixuan.li/.conda/envs/new/lib/python3.9/site-packages/torch/distributed/run.py", line 870, in run
    elastic_launch(
  File "/home/mila/z/zixuan.li/.conda/envs/new/lib/python3.9/site-packages/torch/distributed/launcher/api.py", line 132, in __call__
    return launch_agent(self._config, self._entrypoint, list(args))
  File "/home/mila/z/zixuan.li/.conda/envs/new/lib/python3.9/site-packages/torch/distributed/launcher/api.py", line 263, in launch_agent
    raise ChildFailedError(
torch.distributed.elastic.multiprocessing.errors.ChildFailedError: 
============================================================
run_clm.py FAILED
------------------------------------------------------------
Failures:
[1]:
  time      : 2024-06-15_20:04:10
  host      : cn-g013.server.mila.quebec
  rank      : 1 (local_rank: 1)
  exitcode  : 1 (pid: 2100650)
  error_file: <N/A>
  traceback : To enable traceback see: https://pytorch.org/docs/stable/elastic/errors.html
------------------------------------------------------------
Root Cause (first observed failure):
[0]:
  time      : 2024-06-15_20:04:10
  host      : cn-g013.server.mila.quebec
  rank      : 0 (local_rank: 0)
  exitcode  : 1 (pid: 2100649)
  error_file: <N/A>
  traceback : To enable traceback see: https://pytorch.org/docs/stable/elastic/errors.html
============================================================
